<?xml version="1.0" encoding="UTF-8"?>
<testsuite xmlns:xsi="http://www.w3.org/2001/XMLSchema-instance" xsi:noNamespaceSchemaLocation="https://maven.apache.org/surefire/maven-surefire-plugin/xsd/surefire-test-report.xsd" version="3.0.2" name="com.example.UserServiceApplicationTests" time="7.688" tests="1" errors="0" skipped="0" failures="0">
  <properties>
[...]
</properties>
  <testcase name="contextLoads" classname="com.example.UserServiceApplicationTests" time="0.431">
    <system-out><![CDATA[20:41:41.289 [main] INFO org.springframework.test.context.support.AnnotationConfigContextLoaderUtils -- Could not detect default configuration classes for test class [com.example.UserServiceApplicationTests]: UserServiceApplicationTests does not declare any static, non-private, non-final, nested classes annotated with @Configuration.
20:41:41.379 [main] INFO org.springframework.boot.test.context.SpringBootTestContextBootstrapper -- Found @SpringBootConfiguration com.example.UserServiceApplication for test class com.example.UserServiceApplicationTests

  .   ____          _            __ _ _
 /\\ / ___'_ __ _ _(_)_ __  __ _ \ \ \ \
( ( )\___ | '_ | '_| | '_ \/ _` | \ \ \ \
 \\/  ___)| |_)| | | | | || (_| |  ) ) ) )
  '  |____| .__|_| |_|_| |_\__, | / / / /
 =========|_|==============|___/=/_/_/_/

 :: Spring Boot ::                (v3.5.5)

2025-10-22T20:41:41.968+05:30  INFO 24668 --- [user-ms] [           main] c.example.UserServiceApplicationTests    : Starting UserServiceApplicationTests using Java 21.0.8 with PID 24668 (started by lenovo in D:\MyTrainingsStuff\JAVAALLPROGRAMS\JAVASessionprograms-main\Microservices\UserService)
2025-10-22T20:41:41.969+05:30  INFO 24668 --- [user-ms] [           main] c.example.UserServiceApplicationTests    : No active profile set, falling back to 1 default profile: "default"
2025-10-22T20:41:43.044+05:30  INFO 24668 --- [user-ms] [           main] .s.d.r.c.RepositoryConfigurationDelegate : Bootstrapping Spring Data JPA repositories in DEFAULT mode.
2025-10-22T20:41:43.148+05:30  INFO 24668 --- [user-ms] [           main] .s.d.r.c.RepositoryConfigurationDelegate : Finished Spring Data repository scanning in 92 ms. Found 1 JPA repository interface.
2025-10-22T20:41:43.550+05:30  INFO 24668 --- [user-ms] [           main] o.s.cloud.context.scope.GenericScope     : BeanFactory id=723b8f20-f2b6-3ee6-b48b-a81698d2c455
2025-10-22T20:41:44.222+05:30  INFO 24668 --- [user-ms] [           main] o.hibernate.jpa.internal.util.LogHelper  : HHH000204: Processing PersistenceUnitInfo [name: default]
2025-10-22T20:41:44.287+05:30  INFO 24668 --- [user-ms] [           main] org.hibernate.Version                    : HHH000412: Hibernate ORM core version 6.6.26.Final
2025-10-22T20:41:44.314+05:30  INFO 24668 --- [user-ms] [           main] o.h.c.internal.RegionFactoryInitiator    : HHH000026: Second-level cache disabled
2025-10-22T20:41:44.590+05:30  INFO 24668 --- [user-ms] [           main] o.s.o.j.p.SpringPersistenceUnitInfo      : No LoadTimeWeaver setup: ignoring JPA class transformer
2025-10-22T20:41:44.615+05:30  INFO 24668 --- [user-ms] [           main] com.zaxxer.hikari.HikariDataSource       : HikariPool-1 - Starting...
2025-10-22T20:41:44.746+05:30  INFO 24668 --- [user-ms] [           main] com.zaxxer.hikari.pool.HikariPool        : HikariPool-1 - Added connection com.mysql.cj.jdbc.ConnectionImpl@1aee6983
2025-10-22T20:41:44.747+05:30  INFO 24668 --- [user-ms] [           main] com.zaxxer.hikari.HikariDataSource       : HikariPool-1 - Start completed.
2025-10-22T20:41:44.783+05:30  WARN 24668 --- [user-ms] [           main] org.hibernate.orm.deprecation            : HHH90000025: MySQL8Dialect does not need to be specified explicitly using 'hibernate.dialect' (remove the property setting and it will be selected by default)
2025-10-22T20:41:44.785+05:30  WARN 24668 --- [user-ms] [           main] org.hibernate.orm.deprecation            : HHH90000026: MySQL8Dialect has been deprecated; use org.hibernate.dialect.MySQLDialect instead
2025-10-22T20:41:44.802+05:30  INFO 24668 --- [user-ms] [           main] org.hibernate.orm.connections.pooling    : HHH10001005: Database info:
	Database JDBC URL [Connecting through datasource 'HikariDataSource (HikariPool-1)']
	Database driver: undefined/unknown
	Database version: 8.0
	Autocommit mode: undefined/unknown
	Isolation level: undefined/unknown
	Minimum pool size: undefined/unknown
	Maximum pool size: undefined/unknown
2025-10-22T20:41:45.374+05:30  INFO 24668 --- [user-ms] [           main] o.h.e.t.j.p.i.JtaPlatformInitiator       : HHH000489: No JTA platform available (set 'hibernate.transaction.jta.platform' to enable JTA platform integration)
2025-10-22T20:41:45.414+05:30  INFO 24668 --- [user-ms] [           main] j.LocalContainerEntityManagerFactoryBean : Initialized JPA EntityManagerFactory for persistence unit 'default'
2025-10-22T20:41:45.833+05:30  WARN 24668 --- [user-ms] [           main] JpaBaseConfiguration$JpaWebConfiguration : spring.jpa.open-in-view is enabled by default. Therefore, database queries may be performed during view rendering. Explicitly configure spring.jpa.open-in-view to disable this warning
Hibernate: 
    select
        u1_0.user_id,
        u1_0.user_addr,
        u1_0.user_name 
    from
        user u1_0 
    where
        u1_0.user_id=?
Hibernate: 
    select
        u1_0.user_id,
        u1_0.user_addr,
        u1_0.user_name 
    from
        user u1_0 
    where
        u1_0.user_id=?
Hibernate: 
    select
        u1_0.user_id,
        u1_0.user_addr,
        u1_0.user_name 
    from
        user u1_0 
    where
        u1_0.user_id=?
Hibernate: 
    select
        u1_0.user_id,
        u1_0.user_addr,
        u1_0.user_name 
    from
        user u1_0 
    where
        u1_0.user_id=?
Data loaded safely
2025-10-22T20:41:47.723+05:30  INFO 24668 --- [user-ms] [           main] DiscoveryClientOptionalArgsConfiguration : Eureka HTTP Client uses RestTemplate.
2025-10-22T20:41:47.786+05:30  WARN 24668 --- [user-ms] [           main] iguration$LoadBalancerCaffeineWarnLogger : Spring Cloud LoadBalancer is currently working with the default cache. While this cache implementation is useful for development and tests, it's recommended to use Caffeine cache in production.You can switch to using Caffeine cache, by adding it and org.springframework.cache.caffeine.CaffeineCacheManager to the classpath.
2025-10-22T20:41:47.817+05:30  INFO 24668 --- [user-ms] [           main] o.s.b.a.e.web.EndpointLinksResolver      : Exposing 1 endpoint beneath base path '/actuator'
2025-10-22T20:41:47.898+05:30  INFO 24668 --- [user-ms] [           main] o.s.c.n.eureka.InstanceInfoFactory       : Setting initial instance status as: STARTING
2025-10-22T20:41:47.924+05:30  INFO 24668 --- [user-ms] [           main] com.netflix.discovery.DiscoveryClient    : Initializing Eureka in region us-east-1
2025-10-22T20:41:47.930+05:30  INFO 24668 --- [user-ms] [           main] c.n.d.s.r.aws.ConfigClusterResolver      : Resolving eureka endpoints via configuration
2025-10-22T20:41:47.942+05:30  INFO 24668 --- [user-ms] [           main] com.netflix.discovery.DiscoveryClient    : Disable delta property : false
2025-10-22T20:41:47.942+05:30  INFO 24668 --- [user-ms] [           main] com.netflix.discovery.DiscoveryClient    : Single vip registry refresh property : null
2025-10-22T20:41:47.943+05:30  INFO 24668 --- [user-ms] [           main] com.netflix.discovery.DiscoveryClient    : Force full registry fetch : false
2025-10-22T20:41:47.943+05:30  INFO 24668 --- [user-ms] [           main] com.netflix.discovery.DiscoveryClient    : Application is null : false
2025-10-22T20:41:47.943+05:30  INFO 24668 --- [user-ms] [           main] com.netflix.discovery.DiscoveryClient    : Registered Applications size is zero : true
2025-10-22T20:41:47.943+05:30  INFO 24668 --- [user-ms] [           main] com.netflix.discovery.DiscoveryClient    : Application version is -1: true
2025-10-22T20:41:47.943+05:30  INFO 24668 --- [user-ms] [           main] com.netflix.discovery.DiscoveryClient    : Getting all instance registry info from the eureka server
2025-10-22T20:41:48.300+05:30  INFO 24668 --- [user-ms] [           main] com.netflix.discovery.DiscoveryClient    : The response status is 200
2025-10-22T20:41:48.301+05:30  INFO 24668 --- [user-ms] [           main] com.netflix.discovery.DiscoveryClient    : Starting heartbeat executor: renew interval is: 30
2025-10-22T20:41:48.302+05:30  INFO 24668 --- [user-ms] [           main] c.n.discovery.InstanceInfoReplicator     : InstanceInfoReplicator onDemand update allowed rate per min is 4
2025-10-22T20:41:48.303+05:30  INFO 24668 --- [user-ms] [           main] com.netflix.discovery.DiscoveryClient    : Discovery Client initialized at timestamp 1761145908303 with initial instances count: 1
2025-10-22T20:41:48.315+05:30  INFO 24668 --- [user-ms] [           main] o.s.c.n.e.s.EurekaServiceRegistry        : Registering application USER-MS with eureka with status UP
2025-10-22T20:41:48.316+05:30  INFO 24668 --- [user-ms] [           main] com.netflix.discovery.DiscoveryClient    : Saw local status change event StatusChangeEvent [timestamp=1761145908316, current=UP, previous=STARTING]
2025-10-22T20:41:48.319+05:30  INFO 24668 --- [user-ms] [foReplicator-%d] com.netflix.discovery.DiscoveryClient    : DiscoveryClient_USER-MS/DESKTOP-HGPK1GN:user-ms:8081: registering service...
2025-10-22T20:41:48.330+05:30  INFO 24668 --- [user-ms] [           main] c.example.UserServiceApplicationTests    : Started UserServiceApplicationTests in 6.691 seconds (process running for 7.669)
2025-10-22T20:41:48.368+05:30  INFO 24668 --- [user-ms] [foReplicator-%d] com.netflix.discovery.DiscoveryClient    : DiscoveryClient_USER-MS/DESKTOP-HGPK1GN:user-ms:8081 - registration status: 204
]]></system-out>
    <system-err><![CDATA[Mockito is currently self-attaching to enable the inline-mock-maker. This will no longer work in future releases of the JDK. Please add Mockito as an agent to your build as described in Mockito's documentation: https://javadoc.io/doc/org.mockito/mockito-core/latest/org.mockito/org/mockito/Mockito.html#0.3
WARNING: A Java agent has been loaded dynamically (C:\Users\lenovo\.m2\repository\net\bytebuddy\byte-buddy-agent\1.17.7\byte-buddy-agent-1.17.7.jar)
WARNING: If a serviceability tool is in use, please run with -XX:+EnableDynamicAgentLoading to hide this warning
WARNING: If a serviceability tool is not in use, please run with -Djdk.instrument.traceUsage for more information
WARNING: Dynamic loading of agents will be disallowed by default in a future release
]]></system-err>
  </testcase>
</testsuite>